2017-10-23 11:35:11,715 INFO o.a.j.u.JMeterUtils: Setting Locale to en_US
2017-10-23 11:35:11,739 INFO o.a.j.JMeter: Loading user properties from: C:\Users\kumar12\.bzt\jmeter-taurus\3.2\bin\user.properties
2017-10-23 11:35:11,740 INFO o.a.j.JMeter: Loading system properties from: C:\Users\kumar12\.bzt\jmeter-taurus\3.2\bin\system.properties
2017-10-23 11:35:11,750 INFO o.a.j.JMeter: Copyright (c) 1998-2017 The Apache Software Foundation
2017-10-23 11:35:11,750 INFO o.a.j.JMeter: Version 3.2 r1790748
2017-10-23 11:35:11,750 INFO o.a.j.JMeter: java.version=1.8.0_151
2017-10-23 11:35:11,750 INFO o.a.j.JMeter: java.vm.name=Java HotSpot(TM) 64-Bit Server VM
2017-10-23 11:35:11,751 INFO o.a.j.JMeter: os.name=Windows 7
2017-10-23 11:35:11,751 INFO o.a.j.JMeter: os.arch=amd64
2017-10-23 11:35:11,751 INFO o.a.j.JMeter: os.version=6.1
2017-10-23 11:35:11,751 INFO o.a.j.JMeter: file.encoding=Cp1252
2017-10-23 11:35:11,751 INFO o.a.j.JMeter: Max memory     =536870912
2017-10-23 11:35:11,751 INFO o.a.j.JMeter: Available Processors =8
2017-10-23 11:35:11,759 INFO o.a.j.JMeter: Default Locale=English (United States)
2017-10-23 11:35:11,759 INFO o.a.j.JMeter: JMeter  Locale=English (United States)
2017-10-23 11:35:11,759 INFO o.a.j.JMeter: JMeterHome=C:\Users\kumar12\.bzt\jmeter-taurus\3.2
2017-10-23 11:35:11,760 INFO o.a.j.JMeter: user.dir  =C:\Users\kumar12\Taurus Resources
2017-10-23 11:35:11,761 INFO o.a.j.JMeter: PWD       =C:\Users\kumar12\Taurus Resources
2017-10-23 11:35:11,763 INFO o.a.j.JMeter: IP: 10.134.112.186 Name: KUMAR12-7510 FullName: KUMAR12-7510.ca.com
2017-10-23 11:35:12,099 INFO o.a.j.g.a.LookAndFeelCommand: Using look and feel: javax.swing.plaf.metal.MetalLookAndFeel [Metal, CrossPlatform]
2017-10-23 11:35:12,106 INFO o.a.j.JMeter: Loaded icon properties from org/apache/jmeter/images/icon.properties
2017-10-23 11:35:13,184 INFO o.a.j.e.u.CompoundVariable: Note: Function class names must contain the string: '.functions.'
2017-10-23 11:35:13,185 INFO o.a.j.e.u.CompoundVariable: Note: Function class names must not contain the string: '.gui.'
2017-10-23 11:35:21,714 INFO o.j.r.PluginManager: Plugins Status: [jpgc-dummy=0.2, jpgc-plugins-manager=0.15, jmeter-core=3.2, jmeter-ftp=3.2, jmeter-http=3.2, jmeter-jdbc=3.2, jmeter-jms=3.2, jmeter-junit=3.2, jmeter-java=3.2, jmeter-ldap=3.2, jmeter-mail=3.2, jmeter-mongodb=3.2, jmeter-native=3.2, jmeter-tcp=3.2, jmeter-components=3.2]
2017-10-23 11:35:21,719 INFO o.j.r.PluginManagerMenuItem: Plugins Manager has upgrades: [jpgc-plugins-manager]
2017-10-23 11:35:22,275 INFO o.a.j.JMeter: Loading file: C:\Users\kumar12\Taurus Resources\modified_jmeter_script1.jmx
2017-10-23 11:35:22,280 INFO o.a.j.s.FileServer: Default base='C:\Users\kumar12\Taurus Resources'
2017-10-23 11:35:22,281 INFO o.a.j.s.FileServer: Set new base='C:\Users\kumar12\Taurus Resources'
2017-10-23 11:35:22,524 INFO o.a.j.s.SaveService: Testplan (JMX) version: 2.2. Testlog (JTL) version: 2.2
2017-10-23 11:35:22,538 INFO o.a.j.s.SaveService: Using SaveService properties file encoding UTF-8
2017-10-23 11:35:22,541 INFO o.a.j.s.SaveService: Using SaveService properties version 3.2
2017-10-23 11:35:22,548 INFO o.a.j.s.SaveService: Loading file: C:\Users\kumar12\Taurus Resources\modified_jmeter_script1.jmx
2017-10-23 11:35:22,551 WARN o.j.r.p.TestPlanAnalyzer: Cannot parse file: C:\Users\kumar12\Taurus Resources\modified_jmeter_script1.jmx
java.io.FileNotFoundException: C:\Users\kumar12\Taurus Resources\modified_jmeter_script1.jmx (The system cannot find the file specified)
	at java.io.FileInputStream.open0(Native Method) ~[?:1.8.0_151]
	at java.io.FileInputStream.open(Unknown Source) ~[?:1.8.0_151]
	at java.io.FileInputStream.<init>(Unknown Source) ~[?:1.8.0_151]
	at java.io.FileInputStream.<init>(Unknown Source) ~[?:1.8.0_151]
	at sun.net.www.protocol.file.FileURLConnection.connect(Unknown Source) ~[?:1.8.0_151]
	at sun.net.www.protocol.file.FileURLConnection.getInputStream(Unknown Source) ~[?:1.8.0_151]
	at org.apache.xerces.impl.XMLEntityManager.setupCurrentEntity(Unknown Source) ~[xercesImpl-2.11.0.jar:?]
	at org.apache.xerces.impl.XMLVersionDetector.determineDocVersion(Unknown Source) ~[xercesImpl-2.11.0.jar:?]
	at org.apache.xerces.parsers.XML11Configuration.parse(Unknown Source) ~[xercesImpl-2.11.0.jar:?]
	at org.apache.xerces.parsers.XML11Configuration.parse(Unknown Source) ~[xercesImpl-2.11.0.jar:?]
	at org.apache.xerces.parsers.XMLParser.parse(Unknown Source) ~[xercesImpl-2.11.0.jar:?]
	at org.apache.xerces.parsers.DOMParser.parse(Unknown Source) ~[xercesImpl-2.11.0.jar:?]
	at org.apache.xerces.jaxp.DocumentBuilderImpl.parse(Unknown Source) ~[xercesImpl-2.11.0.jar:?]
	at javax.xml.parsers.DocumentBuilder.parse(Unknown Source) ~[?:1.8.0_151]
	at org.jmeterplugins.repository.plugins.TestPlanAnalyzer.getNodeListWithClassNames(TestPlanAnalyzer.java:58) [jmeter-plugins-manager-0.15.jar:?]
	at org.jmeterplugins.repository.plugins.TestPlanAnalyzer.analyze(TestPlanAnalyzer.java:32) [jmeter-plugins-manager-0.15.jar:?]
	at org.jmeterplugins.repository.plugins.PluginSuggester.findPluginsToInstall(PluginSuggester.java:44) [jmeter-plugins-manager-0.15.jar:?]
	at org.jmeterplugins.repository.plugins.PluginSuggester.checkAndSuggest(PluginSuggester.java:28) [jmeter-plugins-manager-0.15.jar:?]
	at org.jmeterplugins.repository.logging.LoggerAppender.append(LoggerAppender.java:33) [jmeter-plugins-manager-0.15.jar:?]
	at org.apache.logging.log4j.core.config.AppenderControl.tryCallAppender(AppenderControl.java:156) [log4j-core-2.8.1.jar:2.8.1]
	at org.apache.logging.log4j.core.config.AppenderControl.callAppender0(AppenderControl.java:129) [log4j-core-2.8.1.jar:2.8.1]
	at org.apache.logging.log4j.core.config.AppenderControl.callAppenderPreventRecursion(AppenderControl.java:120) [log4j-core-2.8.1.jar:2.8.1]
	at org.apache.logging.log4j.core.config.AppenderControl.callAppender(AppenderControl.java:84) [log4j-core-2.8.1.jar:2.8.1]
	at org.apache.logging.log4j.core.config.LoggerConfig.callAppenders(LoggerConfig.java:448) [log4j-core-2.8.1.jar:2.8.1]
	at org.apache.logging.log4j.core.config.LoggerConfig.processLogEvent(LoggerConfig.java:433) [log4j-core-2.8.1.jar:2.8.1]
	at org.apache.logging.log4j.core.config.LoggerConfig.log(LoggerConfig.java:417) [log4j-core-2.8.1.jar:2.8.1]
	at org.apache.logging.log4j.core.config.LoggerConfig.log(LoggerConfig.java:403) [log4j-core-2.8.1.jar:2.8.1]
	at org.apache.logging.log4j.core.config.AwaitCompletionReliabilityStrategy.log(AwaitCompletionReliabilityStrategy.java:63) [log4j-core-2.8.1.jar:2.8.1]
	at org.apache.logging.log4j.core.Logger.logMessage(Logger.java:146) [log4j-core-2.8.1.jar:2.8.1]
	at org.apache.logging.log4j.spi.AbstractLogger.logMessageSafely(AbstractLogger.java:2091) [log4j-api-2.8.1.jar:2.8.1]
	at org.apache.logging.log4j.spi.AbstractLogger.logMessage(AbstractLogger.java:2005) [log4j-api-2.8.1.jar:2.8.1]
	at org.apache.logging.log4j.spi.AbstractLogger.logIfEnabled(AbstractLogger.java:1876) [log4j-api-2.8.1.jar:2.8.1]
	at org.apache.logging.slf4j.Log4jLogger.info(Log4jLogger.java:184) [log4j-slf4j-impl-2.8.1.jar:2.8.1]
	at org.apache.jmeter.save.SaveService.loadTree(SaveService.java:421) [ApacheJMeter_core.jar:3.2 r1790748]
	at org.apache.jmeter.JMeter.startGui(JMeter.java:386) [ApacheJMeter_core.jar:3.2 r1790748]
	at org.apache.jmeter.JMeter.start(JMeter.java:519) [ApacheJMeter_core.jar:3.2 r1790748]
	at sun.reflect.NativeMethodAccessorImpl.invoke0(Native Method) ~[?:1.8.0_151]
	at sun.reflect.NativeMethodAccessorImpl.invoke(Unknown Source) ~[?:1.8.0_151]
	at sun.reflect.DelegatingMethodAccessorImpl.invoke(Unknown Source) ~[?:1.8.0_151]
	at java.lang.reflect.Method.invoke(Unknown Source) ~[?:1.8.0_151]
	at org.apache.jmeter.NewDriver.main(NewDriver.java:248) [ApacheJMeter.jar:3.2 r1790748]
2017-10-23 11:35:22,562 ERROR o.a.j.JMeter: Failure loading test file
java.io.FileNotFoundException: C:\Users\kumar12\Taurus Resources\modified_jmeter_script1.jmx (The system cannot find the file specified)
	at java.io.FileInputStream.open0(Native Method) ~[?:1.8.0_151]
	at java.io.FileInputStream.open(Unknown Source) ~[?:1.8.0_151]
	at java.io.FileInputStream.<init>(Unknown Source) ~[?:1.8.0_151]
	at org.apache.jmeter.save.SaveService.loadTree(SaveService.java:422) ~[ApacheJMeter_core.jar:3.2 r1790748]
	at org.apache.jmeter.JMeter.startGui(JMeter.java:386) [ApacheJMeter_core.jar:3.2 r1790748]
	at org.apache.jmeter.JMeter.start(JMeter.java:519) [ApacheJMeter_core.jar:3.2 r1790748]
	at sun.reflect.NativeMethodAccessorImpl.invoke0(Native Method) ~[?:1.8.0_151]
	at sun.reflect.NativeMethodAccessorImpl.invoke(Unknown Source) ~[?:1.8.0_151]
	at sun.reflect.DelegatingMethodAccessorImpl.invoke(Unknown Source) ~[?:1.8.0_151]
	at java.lang.reflect.Method.invoke(Unknown Source) ~[?:1.8.0_151]
	at org.apache.jmeter.NewDriver.main(NewDriver.java:248) [ApacheJMeter.jar:3.2 r1790748]
2017-10-23 11:35:22,805 INFO o.a.j.g.u.MenuFactory: Skipping org.apache.jmeter.assertions.BSFAssertion
2017-10-23 11:35:23,579 INFO o.a.j.g.u.MenuFactory: Skipping org.apache.jmeter.extractor.BSFPostProcessor
2017-10-23 11:35:23,653 INFO o.a.j.g.u.MenuFactory: Skipping org.apache.jmeter.modifiers.BSFPreProcessor
2017-10-23 11:35:23,723 INFO o.a.j.p.h.s.HTTPSamplerBase: Parser for text/html is org.apache.jmeter.protocol.http.parser.LagartoBasedHtmlParser
2017-10-23 11:35:23,724 INFO o.a.j.p.h.s.HTTPSamplerBase: Parser for application/xhtml+xml is org.apache.jmeter.protocol.http.parser.LagartoBasedHtmlParser
2017-10-23 11:35:23,724 INFO o.a.j.p.h.s.HTTPSamplerBase: Parser for application/xml is org.apache.jmeter.protocol.http.parser.LagartoBasedHtmlParser
2017-10-23 11:35:23,725 INFO o.a.j.p.h.s.HTTPSamplerBase: Parser for text/xml is org.apache.jmeter.protocol.http.parser.LagartoBasedHtmlParser
2017-10-23 11:35:23,726 INFO o.a.j.p.h.s.HTTPSamplerBase: Parser for text/vnd.wap.wml is org.apache.jmeter.protocol.http.parser.RegexpHTMLParser
2017-10-23 11:35:23,726 INFO o.a.j.p.h.s.HTTPSamplerBase: Parser for text/css is org.apache.jmeter.protocol.http.parser.CssParser
2017-10-23 11:35:24,704 INFO o.a.j.e.KeyToolUtils: keytool found at 'keytool'
2017-10-23 11:35:24,706 INFO o.a.j.p.h.p.ProxyControl: HTTP(S) Test Script Recorder SSL Proxy will use keys that support embedded 3rd party resources in file C:\Users\kumar12\.bzt\jmeter-taurus\3.2\bin\proxyserver.jks
2017-10-23 11:35:25,026 INFO o.a.j.g.u.MenuFactory: Skipping org.apache.jmeter.protocol.java.sampler.BSFSampler
2017-10-23 11:35:25,291 INFO o.a.j.g.u.MenuFactory: Skipping org.apache.jmeter.protocol.mongodb.config.MongoSourceElement
2017-10-23 11:35:25,292 INFO o.a.j.g.u.MenuFactory: Skipping org.apache.jmeter.protocol.mongodb.sampler.MongoScriptSampler
2017-10-23 11:35:26,196 INFO o.a.j.g.u.MenuFactory: Skipping org.apache.jmeter.timers.BSFTimer
2017-10-23 11:35:26,251 INFO o.a.j.g.u.MenuFactory: Skipping org.apache.jmeter.visualizers.BSFListener
2017-10-23 11:35:26,504 INFO o.a.j.s.SampleResult: Note: Sample TimeStamps are START times
2017-10-23 11:35:26,504 INFO o.a.j.s.SampleResult: sampleresult.default.encoding is set to ISO-8859-1
2017-10-23 11:35:26,505 INFO o.a.j.s.SampleResult: sampleresult.useNanoTime=true
2017-10-23 11:35:26,505 INFO o.a.j.s.SampleResult: sampleresult.nanoThreadSleep=5000
